\BOOKMARK [0][]{Inhaltsverzeichnis.0}{Inhaltsverzeichnis}{}% 1
\BOOKMARK [0][]{chapter.1}{1 Einleitung}{}% 2
\BOOKMARK [1][-]{section.1.1}{1.1 Zielsetzung der Arbeit}{chapter.1}% 3
\BOOKMARK [1][-]{section.1.2}{1.2 Gliederung der Arbeit}{chapter.1}% 4
\BOOKMARK [0][]{chapter.2}{2 Nichttechnische Speicherung}{}% 5
\BOOKMARK [0][]{chapter.3}{3 Technische Speicherung}{}% 6
\BOOKMARK [1][-]{section.3.1}{3.1 Magnetische Speicherung}{chapter.3}% 7
\BOOKMARK [2][-]{subsection.3.1.1}{3.1.1 Magnetb\344nder}{section.3.1}% 8
\BOOKMARK [2][-]{subsection.3.1.2}{3.1.2 Kernspeicher}{section.3.1}% 9
\BOOKMARK [2][-]{subsection.3.1.3}{3.1.3 Festplatte}{section.3.1}% 10
\BOOKMARK [1][-]{section.3.2}{3.2 Elektronische Speicherung}{chapter.3}% 11
\BOOKMARK [2][-]{subsection.3.2.1}{3.2.1 DRAM und SRAM}{section.3.2}% 12
\BOOKMARK [2][-]{subsection.3.2.2}{3.2.2 ROM}{section.3.2}% 13
\BOOKMARK [2][-]{subsection.3.2.3}{3.2.3 Flash-EEPROM}{section.3.2}% 14
\BOOKMARK [1][-]{section.3.3}{3.3 Optische Speicherung}{chapter.3}% 15
\BOOKMARK [2][-]{subsection.3.3.1}{3.3.1 CD}{section.3.3}% 16
\BOOKMARK [2][-]{subsection.3.3.2}{3.3.2 DVD}{section.3.3}% 17
\BOOKMARK [2][-]{subsection.3.3.3}{3.3.3 Blu-Ray}{section.3.3}% 18
\BOOKMARK [0][]{chapter.4}{4 Zusammenfassung und Ausblick}{}% 19
\BOOKMARK [0][]{section*.3}{Literaturverzeichnis}{}% 20
